#
# A fatal error has been detected by the Java Runtime Environment:
#
#  EXCEPTION_ACCESS_VIOLATION (0xc0000005) at pc=0x5aece7fd, pid=4024, tid=4032
#
# JRE version: Java(TM) SE Runtime Environment (8.0-b132) (build 1.8.0-b132)
# Java VM: Java HotSpot(TM) Client VM (25.0-b70 mixed mode windows-x86 )
# Problematic frame:
# V  [jvm.dll+0xbe7fd]
#
# Failed to write core dump. Minidumps are not enabled by default on client versions of Windows
#
# If you would like to submit a bug report, please visit:
#   http://bugreport.sun.com/bugreport/crash.jsp
#

---------------  T H R E A D  ---------------

Current thread (0x1428b000):  JavaThread "JDWP Transport Listener: dt_socket" daemon [_thread_in_vm, id=4032, stack(0x00fc0000,0x01010000)]

siginfo: ExceptionCode=0xc0000005, reading address 0x0000003b

Registers:
EAX=0x0000003b, EBX=0x00000000, ECX=0x0000003b, EDX=0x00000000
ESP=0x0100f388, EBP=0x0100f38c, ESI=0x1428b000, EDI=0x00e76ee0
EIP=0x5aece7fd, EFLAGS=0x00010202

Top of Stack: (sp=0x0100f388)
0x0100f388:   1428b000 0100f3b4 5b0208a4 0000003b
0x0100f398:   0100f46c 0100f3ef 1428b000 00000000
0x0100f3a8:   00000000 00000000 1428b000 0100f3f0
0x0100f3b8:   6c099f7b 00e76ee0 0000003b 0100f3ef
0x0100f3c8:   0000003b 6c08436d 0000003b 0100f3ef
0x0100f3d8:   00000005 00000000 00000000 0000000a
0x0100f3e8:   00000000 0026a278 0100f410 6c0844e0
0x0100f3f8:   00000001 0100f42c 0100f468 1434caa0 

Instructions: (pc=0x5aece7fd)
0x5aece7dd:   5d c3 52 e8 eb f7 ff ff 5d c3 cc cc cc cc cc cc
0x5aece7ed:   cc cc cc 55 8b ec 8b 45 08 85 c0 75 02 5d c3 56
0x5aece7fd:   8b 30 85 f6 74 17 83 fe 37 74 12 8b 06 8b 50 04
0x5aece80d:   8b ce ff d2 84 c0 74 05 8b c6 5e 5d c3 33 c0 5e 


Register to memory mapping:

EAX=0x0000003b is an unknown value
EBX=0x00000000 is an unknown value
ECX=0x0000003b is an unknown value
EDX=0x00000000 is an unknown value
ESP=0x0100f388 is pointing into the stack for thread: 0x1428b000
EBP=0x0100f38c is pointing into the stack for thread: 0x1428b000
ESI=0x1428b000 is a thread
EDI=0x00e76ee0 is an unknown value


Stack: [0x00fc0000,0x01010000],  sp=0x0100f388,  free space=316k
Native frames: (J=compiled Java code, j=interpreted, Vv=VM code, C=native code)
V  [jvm.dll+0xbe7fd]
V  [jvm.dll+0x2108a4]
C  [jdwp.dll+0x19f7b]
C  [jdwp.dll+0x44e0]
C  [jdwp.dll+0x451e]


---------------  P R O C E S S  ---------------

Java Threads: ( => current thread )
  0x142b2800 JavaThread "Service Thread" daemon [_thread_blocked, id=3276, stack(0x03d30000,0x03d80000)]
  0x1429e400 JavaThread "C1 CompilerThread0" daemon [_thread_blocked, id=6208, stack(0x03ce0000,0x03d30000)]
  0x14295000 JavaThread "JDWP Command Reader" daemon [_thread_in_native, id=4920, stack(0x01060000,0x010b0000)]
  0x14291c00 JavaThread "JDWP Event Helper Thread" daemon [_thread_blocked, id=5728, stack(0x01010000,0x01060000)]
=>0x1428b000 JavaThread "JDWP Transport Listener: dt_socket" daemon [_thread_in_vm, id=4032, stack(0x00fc0000,0x01010000)]
  0x1428dc00 JavaThread "Attach Listener" daemon [_thread_blocked, id=4300, stack(0x00f70000,0x00fc0000)]
  0x1428bc00 JavaThread "Signal Dispatcher" daemon [_thread_blocked, id=6236, stack(0x00f20000,0x00f70000)]
  0x00dae800 JavaThread "Finalizer" daemon [_thread_blocked, id=7196, stack(0x00ed0000,0x00f20000)]
  0x00dac400 JavaThread "Reference Handler" daemon [_thread_blocked, id=5772, stack(0x00e80000,0x00ed0000)]
  0x00e7bc00 JavaThread "main" [_thread_in_native, id=5484, stack(0x009f0000,0x00a40000)]

Other Threads:
  0x00da9800 VMThread [stack: 0x00c50000,0x00ca0000] [id=8084]
  0x142bc400 WatcherThread [stack: 0x03d80000,0x03dd0000] [id=6436]

VM state:not at safepoint (normal execution)

VM Mutex/Monitor currently owned by a thread: None

Heap:
 def new generation   total 4928K, used 1094K [0x03e00000, 0x04350000, 0x09350000)
  eden space 4416K,  24% used [0x03e00000, 0x03f119e0, 0x04250000)
  from space 512K,   0% used [0x04250000, 0x04250000, 0x042d0000)
  to   space 512K,   0% used [0x042d0000, 0x042d0000, 0x04350000)
 tenured generation   total 10944K, used 0K [0x09350000, 0x09e00000, 0x13e00000)
   the space 10944K,   0% used [0x09350000, 0x09350000, 0x09350200, 0x09e00000)
 Metaspace       used 2221K, capacity 2318K, committed 2368K, reserved 4480K

Card table byte_map: [0x00db0000,0x00e40000] byte_map_base: 0x00d91000

Polling page: 0x007a0000

CodeCache: size=32768Kb used=704Kb max_used=704Kb free=32063Kb
 bounds [0x01ce0000, 0x01d98000, 0x03ce0000]
 total_blobs=164 nmethods=31 adapters=73
 compilation: enabled

Compilation events (10 events):
Event: 0.189 Thread 0x1429e400   27             java.util.StringTokenizer::scanToken (179 bytes)
Event: 0.190 Thread 0x1429e400 nmethod 27 0x01d8e788 code [0x01d8e910, 0x01d8ed28]
Event: 0.190 Thread 0x1429e400   28             java.lang.String::startsWith (72 bytes)
Event: 0.190 Thread 0x1429e400 nmethod 28 0x01d8f2c8 code [0x01d8f3d0, 0x01d8f510]
Event: 0.190 Thread 0x1429e400   29             java.lang.String::length (6 bytes)
Event: 0.190 Thread 0x1429e400 nmethod 29 0x01d8f688 code [0x01d8f780, 0x01d8f810]
Event: 0.191 Thread 0x1429e400   30             java.lang.String::<init> (62 bytes)
Event: 0.191 Thread 0x1429e400 nmethod 30 0x01d8f888 code [0x01d8f9e0, 0x01d8fbd0]
Event: 0.196 Thread 0x1429e400   31             java.util.regex.Pattern::has (15 bytes)
Event: 0.196 Thread 0x1429e400 nmethod 31 0x01d90188 code [0x01d90280, 0x01d90310]

GC Heap History (0 events):
No events

Deoptimization events (0 events):
No events

Internal exceptions (9 events):
Event: 0.044 Thread 0x00e7bc00 Exception <a 'java/lang/NoSuchMethodError': Method sun.misc.Unsafe.defineClass(Ljava/lang/String;[BII)Ljava/lang/Class; name or signature does not match> (0x03e0a8d8) thrown at [D:\re\workspace\8-2-build-windows-i586-cygwin\jdk8\2238\hotspot\src\share\vm\p±¬#S›¦?
Event: 0.044 Thread 0x00e7bc00 Exception <a 'java/lang/NoSuchMethodError': Method sun.misc.Unsafe.prefetchRead(Ljava/lang/Object;J)V name or signature does not match> (0x03e0ab58) thrown at [D:\re\workspace\8-2-build-windows-i586-cygwin\jdk8\2238\hotspot\src\share\vm\prims\jni.cpp, linehã°‡Z²À?
Event: 0.130 Thread 0x00e7bc00 Exception <a 'java/security/PrivilegedActionException'> (0x03e69f40) thrown at [D:\re\workspace\8-2-build-windows-i586-cygwin\jdk8\2238\hotspot\src\share\vm\prims\jvm.cpp, line 1248]
Event: 0.141 Thread 0x00e7bc00 Exception <a 'java/security/PrivilegedActionException'> (0x03e6f248) thrown at [D:\re\workspace\8-2-build-windows-i586-cygwin\jdk8\2238\hotspot\src\share\vm\prims\jvm.cpp, line 1248]
Event: 0.161 Thread 0x00e7bc00 Exception <a 'java/security/PrivilegedActionException'> (0x03ea57e0) thrown at [D:\re\workspace\8-2-build-windows-i586-cygwin\jdk8\2238\hotspot\src\share\vm\prims\jvm.cpp, line 1248]
Event: 0.161 Thread 0x00e7bc00 Exception <a 'java/security/PrivilegedActionException'> (0x03ea5b20) thrown at [D:\re\workspace\8-2-build-windows-i586-cygwin\jdk8\2238\hotspot\src\share\vm\prims\jvm.cpp, line 1248]
Event: 0.162 Thread 0x00e7bc00 Exception <a 'java/security/PrivilegedActionException'> (0x03ea8eb0) thrown at [D:\re\workspace\8-2-build-windows-i586-cygwin\jdk8\2238\hotspot\src\share\vm\prims\jvm.cpp, line 1248]
Event: 0.162 Thread 0x00e7bc00 Exception <a 'java/security/PrivilegedActionException'> (0x03ea91f0) thrown at [D:\re\workspace\8-2-build-windows-i586-cygwin\jdk8\2238\hotspot\src\share\vm\prims\jvm.cpp, line 1248]
Event: 26.334 Thread 0x00e7bc00 Exception <a 'java/security/PrivilegedActionException'> (0x03f056b0) thrown at [D:\re\workspace\8-2-build-windows-i586-cygwin\jdk8\2238\hotspot\src\share\vm\prims\jvm.cpp, line 1248]

Events (10 events):
Event: 518.115 Executing VM operation: RedefineClasses
Event: 518.116 Executing VM operation: RedefineClasses done
Event: 518.121 Executing VM operation: ChangeBreakpoints
Event: 518.121 Executing VM operation: ChangeBreakpoints done
Event: 756.944 Executing VM operation: RedefineClasses
Event: 756.945 Executing VM operation: RedefineClasses done
Event: 772.387 Executing VM operation: RedefineClasses
Event: 772.387 Executing VM operation: RedefineClasses done
Event: 785.859 Executing VM operation: RedefineClasses
Event: 785.859 Executing VM operation: RedefineClasses done


Dynamic libraries:
0x010b0000 - 0x010e0000 	C:\Program Files\Java\jre8\bin\javaw.exe
0x777b0000 - 0x7793d000 	C:\WINDOWS\SYSTEM32\ntdll.dll
0x750f0000 - 0x75185000 	C:\WINDOWS\System32\KERNEL32.DLL
0x744e0000 - 0x746a5000 	C:\WINDOWS\System32\KERNELBASE.dll
0x75070000 - 0x750e7000 	C:\WINDOWS\System32\ADVAPI32.dll
0x776f0000 - 0x777ad000 	C:\WINDOWS\System32\msvcrt.dll
0x776a0000 - 0x776e1000 	C:\WINDOWS\System32\sechost.dll
0x75330000 - 0x753f7000 	C:\WINDOWS\System32\RPCRT4.dll
0x74a40000 - 0x74b70000 	C:\WINDOWS\System32\USER32.dll
0x74a20000 - 0x74a3a000 	C:\WINDOWS\System32\win32u.dll
0x76d40000 - 0x76d61000 	C:\WINDOWS\System32\GDI32.dll
0x74740000 - 0x7489d000 	C:\WINDOWS\System32\gdi32full.dll
0x73cc0000 - 0x73d39000 	C:\WINDOWS\System32\msvcp_win.dll
0x73d80000 - 0x73e98000 	C:\WINDOWS\System32\ucrtbase.dll
0x68240000 - 0x6844e000 	C:\WINDOWS\WinSxS\x86_microsoft.windows.common-controls_6595b64144ccf1df_6.0.15063.0_none_583b8639f462029f\COMCTL32.dll
0x76af0000 - 0x76d28000 	C:\WINDOWS\System32\combase.dll
0x74480000 - 0x744d7000 	C:\WINDOWS\System32\bcryptPrimitives.dll
0x76ac0000 - 0x76ae6000 	C:\WINDOWS\System32\IMM32.DLL
0x68930000 - 0x689ef000 	C:\Program Files\Java\jre8\bin\msvcr100.dll
0x5ae10000 - 0x5b1a6000 	C:\Program Files\Java\jre8\bin\client\jvm.dll
0x75060000 - 0x75066000 	C:\WINDOWS\System32\PSAPI.DLL
0x63530000 - 0x63538000 	C:\WINDOWS\SYSTEM32\WSOCK32.dll
0x725a0000 - 0x725c4000 	C:\WINDOWS\SYSTEM32\WINMM.dll
0x74dd0000 - 0x74e37000 	C:\WINDOWS\System32\WS2_32.dll
0x72520000 - 0x72543000 	C:\WINDOWS\SYSTEM32\WINMMBASE.dll
0x73d40000 - 0x73d79000 	C:\WINDOWS\System32\cfgmgr32.dll
0x67370000 - 0x6737c000 	C:\Program Files\Java\jre8\bin\verify.dll
0x66ef0000 - 0x66f11000 	C:\Program Files\Java\jre8\bin\java.dll
0x6c080000 - 0x6c0a9000 	C:\Program Files\Java\jre8\bin\jdwp.dll
0x70c70000 - 0x70c77000 	C:\Program Files\Java\jre8\bin\npt.dll
0x66ed0000 - 0x66ee3000 	C:\Program Files\Java\jre8\bin\zip.dll
0x75770000 - 0x76ab8000 	C:\WINDOWS\System32\SHELL32.dll
0x77610000 - 0x7769c000 	C:\WINDOWS\System32\shcore.dll
0x73ea0000 - 0x74424000 	C:\WINDOWS\System32\windows.storage.dll
0x77550000 - 0x77595000 	C:\WINDOWS\System32\shlwapi.dll
0x73cb0000 - 0x73cbe000 	C:\WINDOWS\System32\kernel.appcore.dll
0x73c50000 - 0x73c95000 	C:\WINDOWS\System32\powrprof.dll
0x73c40000 - 0x73c50000 	C:\WINDOWS\System32\profapi.dll
0x6f360000 - 0x6f368000 	C:\Program Files\Java\jre8\bin\dt_socket.dll
0x66eb0000 - 0x66ec1000 	C:\WINDOWS\system32\napinsp.dll
0x66e90000 - 0x66ea6000 	C:\WINDOWS\system32\pnrpnsp.dll
0x71210000 - 0x71223000 	C:\WINDOWS\system32\NLAapi.dll
0x66e80000 - 0x66e8b000 	C:\WINDOWS\System32\winrnr.dll
0x73600000 - 0x73650000 	C:\WINDOWS\System32\mswsock.dll
0x73440000 - 0x734bf000 	C:\WINDOWS\SYSTEM32\DNSAPI.dll
0x775a0000 - 0x775a7000 	C:\WINDOWS\System32\NSI.dll
0x73410000 - 0x7343f000 	C:\WINDOWS\SYSTEM32\IPHLPAPI.DLL
0x633f0000 - 0x63400000 	C:\WINDOWS\System32\wshbth.dll
0x6c4c0000 - 0x6c50a000 	C:\WINDOWS\System32\fwpuclnt.dll
0x73b30000 - 0x73b4a000 	C:\WINDOWS\SYSTEM32\bcrypt.dll
0x6a350000 - 0x6a358000 	C:\Windows\System32\rasadhlp.dll
0x6a1a0000 - 0x6a2fd000 	C:\WINDOWS\SYSTEM32\dbghelp.dll

VM Arguments:
jvm_args: -agentlib:jdwp=transport=dt_socket,suspend=y,address=localhost:52130 -Dfile.encoding=Cp1252 
java_command: Principal
java_class_path (initial): C:\Users\Rodrigo\Documents\ALGORITIMO\bin
Launcher Type: SUN_STANDARD

Environment Variables:
PATH=C:/Program Files/Java/jre8/bin/client;C:/Program Files/Java/jre8/bin;C:/Program Files/Java/jre8/lib/i386;C:\WINDOWS\system32;C:\WINDOWS;C:\WINDOWS\System32\Wbem;C:\WINDOWS\System32\WindowsPowerShell\v1.0\;C:\Users\Rodrigo\AppData\Local\Microsoft\WindowsApps;;C:\eclipse;
USERNAME=Rodrigo
OS=Windows_NT
PROCESSOR_IDENTIFIER=x86 Family 6 Model 42 Stepping 7, GenuineIntel



---------------  S Y S T E M  ---------------

OS: Windows 8.1 Build 9600 

CPU:total 2 (2 cores per cpu, 1 threads per core) family 6 model 42 stepping 7, cmov, cx8, fxsr, mmx, sse, sse2, sse3, ssse3, sse4.1, sse4.2, popcnt, clmul, tsc, tscinvbit

Memory: 4k page, physical 3356508k(1579328k free), swap 3946332k(1677044k free)

vm_info: Java HotSpot(TM) Client VM (25.0-b70) for windows-x86 JRE (1.8.0-b132), built on Mar  4 2014 03:51:15 by "java_re" with MS VC++ 10.0 (VS2010)

time: Thu Aug 03 21:05:10 2017
elapsed time: 785 seconds

